[ERROR] connectin error: Unknown database 'autoberlesx'
[ERROR] query error: 
[ERROR] query error: Query was empty
[ERROR] query error: Query was empty
[ERROR] query error: Unknown column 'autoId' in 'field list'
[ERROR] query error: Unknown column 'autoId' in 'field list'
[ERROR] query error: Unknown column 'autoId' in 'field list'
[ERROR] query error: Unknown column 'autoId' in 'field list'
[ERROR] query error: You have an error in your SQL syntax; check the manual that corresponds to your MariaDB server version for the right syntax to use near '%?%' at line 1
[ERROR] query error: You have an error in your SQL syntax; check the manual that corresponds to your MariaDB server version for the right syntax to use near '%?%' at line 1
[ERROR] query error: You have an error in your SQL syntax; check the manual that corresponds to your MariaDB server version for the right syntax to use near '?'%'' at line 1
[ERROR] query error: You have an error in your SQL syntax; check the manual that corresponds to your MariaDB server version for the right syntax to use near '?'%'' at line 1
[ERROR] query error: You have an error in your SQL syntax; check the manual that corresponds to your MariaDB server version for the right syntax to use near '?'%'' at line 1
[ERROR] query error: You have an error in your SQL syntax; check the manual that corresponds to your MariaDB server version for the right syntax to use near '?'%'' at line 1
[ERROR] query error: You have an error in your SQL syntax; check the manual that corresponds to your MariaDB server version for the right syntax to use near '?'%'' at line 1
[ERROR] query error: You have an error in your SQL syntax; check the manual that corresponds to your MariaDB server version for the right syntax to use near '?'%'' at line 1
[ERROR] query error: Table 'match3.users' doesn't exist
[ERROR] query error: You have an error in your SQL syntax; check the manual that corresponds to your MariaDB server version for the right syntax to use near 'HERE b.jatekos1_id = ?
                                       UNION
          ' at line 6
[ERROR] query error: You have an error in your SQL syntax; check the manual that corresponds to your MariaDB server version for the right syntax to use near 'HERE b.jatekos1_id = ?
                                       UNION
          ' at line 6
[ERROR] query error: You have an error in your SQL syntax; check the manual that corresponds to your MariaDB server version for the right syntax to use near 'HERE b.jatekos1_id = ?
                                       UNION
          ' at line 6
[ERROR] query error: You have an error in your SQL syntax; check the manual that corresponds to your MariaDB server version for the right syntax to use near 'HERE b.jatekos1_id = ?
                                       UNION
          ' at line 6
[ERROR] query error: You have an error in your SQL syntax; check the manual that corresponds to your MariaDB server version for the right syntax to use near 'HERE b.jatekos1_id = ?
                                       UNION
          ' at line 6
[ERROR] query error: You have an error in your SQL syntax; check the manual that corresponds to your MariaDB server version for the right syntax to use near 'HERE b.jatekos1_id = ?
                                       UNION
          ' at line 6
[ERROR] query error: You have an error in your SQL syntax; check the manual that corresponds to your MariaDB server version for the right syntax to use near 'HERE b.jatekos1_id = ?
                                       UNION
          ' at line 6
[ERROR] query error: You have an error in your SQL syntax; check the manual that corresponds to your MariaDB server version for the right syntax to use near 'HERE b.jatekos1_id = ?
                                       UNION
          ' at line 6
[ERROR] query error: You have an error in your SQL syntax; check the manual that corresponds to your MariaDB server version for the right syntax to use near 'HERE b.jatekos1_id = ?
                                       UNION
          ' at line 6
[ERROR] query error: You have an error in your SQL syntax; check the manual that corresponds to your MariaDB server version for the right syntax to use near 'HERE b.jatekos1_id = ?
                                       UNION
          ' at line 6
[ERROR] query error: You have an error in your SQL syntax; check the manual that corresponds to your MariaDB server version for the right syntax to use near 'HERE b.jatekos1_id = ?
                                       UNION
          ' at line 6
[ERROR] query error: You have an error in your SQL syntax; check the manual that corresponds to your MariaDB server version for the right syntax to use near 'HERE b.jatekos1_id = ?
                                       UNION
          ' at line 6
[ERROR] query error: You have an error in your SQL syntax; check the manual that corresponds to your MariaDB server version for the right syntax to use near 'HERE b.jatekos1_id = ?
                                       UNION
          ' at line 6
[ERROR] query error: You have an error in your SQL syntax; check the manual that corresponds to your MariaDB server version for the right syntax to use near 'HERE b.jatekos1_id = ?
                                       UNION
          ' at line 6
[ERROR] query error: You have an error in your SQL syntax; check the manual that corresponds to your MariaDB server version for the right syntax to use near 'HERE b.jatekos1_id = ?
                                       UNION
          ' at line 6
[ERROR] query error: You have an error in your SQL syntax; check the manual that corresponds to your MariaDB server version for the right syntax to use near 'HERE b.jatekos1_id = ?
                                       UNION
          ' at line 6
[ERROR] query error: You have an error in your SQL syntax; check the manual that corresponds to your MariaDB server version for the right syntax to use near 'HERE b.jatekos1_id = ?
                                       UNION
          ' at line 6
[ERROR] query error: You have an error in your SQL syntax; check the manual that corresponds to your MariaDB server version for the right syntax to use near 'HERE b.jatekos1_id = ?
                                       UNION
          ' at line 6
[ERROR] query error: You have an error in your SQL syntax; check the manual that corresponds to your MariaDB server version for the right syntax to use near 'HERE b.jatekos1_id = ?
                                       UNION
          ' at line 6
[ERROR] query error: You have an error in your SQL syntax; check the manual that corresponds to your MariaDB server version for the right syntax to use near 'HERE b.jatekos1_id = ?
                                       UNION
          ' at line 6
[ERROR] query error: You have an error in your SQL syntax; check the manual that corresponds to your MariaDB server version for the right syntax to use near 'HERE b.jatekos1_id = ?
                                       UNION
          ' at line 6
[ERROR] query error: You have an error in your SQL syntax; check the manual that corresponds to your MariaDB server version for the right syntax to use near 'HERE b.jatekos1_id = ?
                                       UNION
          ' at line 6
[ERROR] query error: You have an error in your SQL syntax; check the manual that corresponds to your MariaDB server version for the right syntax to use near 'HERE b.jatekos1_id = ?
                                       UNION
          ' at line 6
[ERROR] query error: You have an error in your SQL syntax; check the manual that corresponds to your MariaDB server version for the right syntax to use near 'HERE b.jatekos1_id = ?
                                       UNION
          ' at line 6
[ERROR] query error: You have an error in your SQL syntax; check the manual that corresponds to your MariaDB server version for the right syntax to use near 'HERE b.jatekos1_id = ?
                                       UNION
          ' at line 6
[ERROR] query error: You have an error in your SQL syntax; check the manual that corresponds to your MariaDB server version for the right syntax to use near 'HERE b.jatekos1_id = ?
                                       UNION
          ' at line 6
[ERROR] query error: You have an error in your SQL syntax; check the manual that corresponds to your MariaDB server version for the right syntax to use near 'HERE b.jatekos1_id = ?
                                       UNION
          ' at line 6
[ERROR] query error: You have an error in your SQL syntax; check the manual that corresponds to your MariaDB server version for the right syntax to use near 'SELECT id, felhasznalonev FROM jatekosok
                        WHERE felhaszn' at line 1
[ERROR] query error: You have an error in your SQL syntax; check the manual that corresponds to your MariaDB server version for the right syntax to use near '.felhasznalonev FROM baratok b
                        INNER JOIN jatekosok j O' at line 5
[ERROR] query error: You have an error in your SQL syntax; check the manual that corresponds to your MariaDB server version for the right syntax to use near '.felhasznalonev FROM baratok b
                        INNER JOIN jatekosok j O' at line 5
[ERROR] query error: You have an error in your SQL syntax; check the manual that corresponds to your MariaDB server version for the right syntax to use near '.felhasznalonev FROM baratok b
                        INNER JOIN jatekosok j O' at line 5
[ERROR] query error: You have an error in your SQL syntax; check the manual that corresponds to your MariaDB server version for the right syntax to use near '.felhasznalonev FROM baratok b
                        INNER JOIN jatekosok j O' at line 5
